2025-11-06 15:19:24,356 [INFO] Главная папка создана: {'path': 'course_paper_ntlg'}, 409
2025-11-06 15:19:25,624 [INFO] Папка course_paper_ntlg/hound-afghan создана!
2025-11-06 15:19:26,550 [WARNING] Файл : hound-afghan-n02088094_1003.jpg уже есть на диске
2025-11-06 15:19:27,578 [INFO] Главная папка создана: {'path': 'course_paper_ntlg'}, 409
2025-11-06 15:19:28,589 [INFO] Папка course_paper_ntlg/hound-basset создана!
2025-11-06 15:19:29,484 [WARNING] Файл : hound-basset-n02088238_10005.jpg уже есть на диске
2025-11-06 15:19:31,248 [INFO] Главная папка создана: {'path': 'course_paper_ntlg'}, 409
2025-11-06 15:19:32,492 [INFO] Папка course_paper_ntlg/hound-blood создана!
2025-11-06 15:19:33,911 [WARNING] Файл : hound-blood-n02088466_10083.jpg уже есть на диске
2025-11-06 15:19:34,856 [INFO] Главная папка создана: {'path': 'course_paper_ntlg'}, 409
2025-11-06 15:19:35,856 [INFO] Папка course_paper_ntlg/hound-english создана!
2025-11-06 15:19:36,720 [WARNING] Файл : hound-english-n02089973_1.jpg уже есть на диске
2025-11-06 15:19:37,680 [INFO] Главная папка создана: {'path': 'course_paper_ntlg'}, 409
2025-11-06 15:19:38,644 [INFO] Папка course_paper_ntlg/hound-ibizan создана!
2025-11-06 15:19:39,850 [WARNING] Файл : hound-ibizan-n02091244_100.jpg уже есть на диске
2025-11-06 15:19:40,777 [INFO] Главная папка создана: {'path': 'course_paper_ntlg'}, 409
2025-11-06 15:19:41,898 [INFO] Папка course_paper_ntlg/hound-plott создана!
2025-11-06 15:19:43,087 [WARNING] Файл : hound-plott-hhh-23456.jpg уже есть на диске
2025-11-06 15:19:44,257 [INFO] Главная папка создана: {'path': 'course_paper_ntlg'}, 409
2025-11-06 15:19:45,992 [INFO] Папка course_paper_ntlg/hound-walker создана!
2025-11-06 15:19:47,547 [WARNING] Файл : hound-walker-n02089867_1048.jpg уже есть на диске
2025-11-06 15:21:36,365 [INFO] Главная папка создана: {'path': 'course_paper_ntlg'}, 409
2025-11-06 15:21:37,366 [INFO] Папка course_paper_ntlg/hound-afghan создана!
2025-11-06 15:21:38,375 [WARNING] Файл : hound-afghan-n02088094_1003.jpg уже есть на диске
2025-11-06 15:21:38,376 [INFO] Все файлы успешно загружены!
2025-11-06 15:21:39,379 [INFO] Главная папка создана: {'path': 'course_paper_ntlg'}, 409
2025-11-06 15:21:40,427 [INFO] Папка course_paper_ntlg/hound-basset создана!
2025-11-06 15:21:41,453 [WARNING] Файл : hound-basset-n02088238_10005.jpg уже есть на диске
2025-11-06 15:21:41,454 [INFO] Все файлы успешно загружены!
2025-11-06 15:21:42,478 [INFO] Главная папка создана: {'path': 'course_paper_ntlg'}, 409
2025-11-06 15:21:43,826 [INFO] Папка course_paper_ntlg/hound-blood создана!
2025-11-06 15:21:44,666 [WARNING] Файл : hound-blood-n02088466_10083.jpg уже есть на диске
2025-11-06 15:21:44,667 [INFO] Все файлы успешно загружены!
2025-11-06 15:21:45,540 [INFO] Главная папка создана: {'path': 'course_paper_ntlg'}, 409
2025-11-06 15:21:47,521 [INFO] Папка course_paper_ntlg/hound-english создана!
2025-11-06 15:21:48,577 [WARNING] Файл : hound-english-n02089973_1.jpg уже есть на диске
2025-11-06 15:21:48,577 [INFO] Все файлы успешно загружены!
2025-11-06 15:21:49,602 [INFO] Главная папка создана: {'path': 'course_paper_ntlg'}, 409
2025-11-06 15:21:50,902 [INFO] Папка course_paper_ntlg/hound-ibizan создана!
2025-11-06 15:21:52,205 [WARNING] Файл : hound-ibizan-n02091244_100.jpg уже есть на диске
2025-11-06 15:21:52,206 [INFO] Все файлы успешно загружены!
2025-11-06 15:21:53,324 [INFO] Главная папка создана: {'path': 'course_paper_ntlg'}, 409
2025-11-06 15:21:54,553 [INFO] Папка course_paper_ntlg/hound-plott создана!
2025-11-06 15:21:55,685 [WARNING] Файл : hound-plott-hhh-23456.jpg уже есть на диске
2025-11-06 15:21:55,686 [INFO] Все файлы успешно загружены!
2025-11-06 15:21:56,806 [INFO] Главная папка создана: {'path': 'course_paper_ntlg'}, 409
2025-11-06 15:21:57,727 [INFO] Папка course_paper_ntlg/hound-walker создана!
2025-11-06 15:21:59,163 [WARNING] Файл : hound-walker-n02089867_1048.jpg уже есть на диске
2025-11-06 15:21:59,163 [INFO] Все файлы успешно загружены!
